<?xml version="1.0" encoding="UTF-8" ?>
<testsuite errors="1" failures="0" hostname="bleujin-SV" name="net.ion.radon.repository.TestAllMongoSearch" tests="1" time="0.0" timestamp="2012-06-25T07:38:45">
  <properties>
    <property name="java.vendor" value="Sun Microsystems Inc." />
    <property name="sun.java.launcher" value="SUN_STANDARD" />
    <property name="eclipse.pdebuild.templates" value="/D:/eclipse/plugins/org.eclipse.pde.build_3.5.2.R35x_20100114/templates/" />
    <property name="sun.management.compiler" value="HotSpot Client Compiler" />
    <property name="os.name" value="Windows 7" />
    <property name="sun.boot.class.path" value="C:\java\jdk5_22\jre\lib\rt.jar;C:\java\jdk5_22\jre\lib\i18n.jar;C:\java\jdk5_22\jre\lib\sunrsasign.jar;C:\java\jdk5_22\jre\lib\jsse.jar;C:\java\jdk5_22\jre\lib\jce.jar;C:\java\jdk5_22\jre\lib\charsets.jar;C:\java\jdk5_22\jre\classes" />
    <property name="TODAY" value="June 25 2012" />
    <property name="build.number" value="1" />
    <property name="sun.desktop" value="windows" />
    <property name="java.vm.specification.vendor" value="Sun Microsystems Inc." />
    <property name="ant.home" value="D:\eclipse\plugins\org.apache.ant_1.7.1.v20090120-1145" />
    <property name="java.runtime.version" value="1.5.0_22-b03" />
    <property name="version.number" value="0" />
    <property name="user.name" value="bleujin" />
    <property name="ant.file.Jar Publish" value="D:\github\mongoSearch\build.xml" />
    <property name="publishDir" value="./publish" />
    <property name="user.language" value="ko" />
    <property name="sun.boot.library.path" value="C:\java\jdk5_22\jre\bin" />
    <property name="manifest.main.class" value="" />
    <property name="ant.project.name" value="Jar Publish" />
    <property name="DSTAMP" value="20120625" />
    <property name="java.version" value="1.5.0_22" />
    <property name="user.timezone" value="" />
    <property name="sun.arch.data.model" value="32" />
    <property name="java.endorsed.dirs" value="C:\java\jdk5_22\jre\lib\endorsed" />
    <property name="sun.cpu.isalist" value="pentium_pro+mmx pentium_pro pentium+mmx pentium i486 i386 i86" />
    <property name="sun.jnu.encoding" value="MS949" />
    <property name="file.encoding.pkg" value="sun.io" />
    <property name="file.separator" value="\" />
    <property name="java.specification.name" value="Java Platform API Specification" />
    <property name="java.class.version" value="49.0" />
    <property name="user.country" value="KR" />
    <property name="java.home" value="C:\java\jdk5_22\jre" />
    <property name="java.vm.info" value="mixed mode, sharing" />
    <property name="ant.file" value="D:\github\mongoSearch\build.xml" />
    <property name="os.version" value="6.1" />
    <property name="test.reports" value="./resource/report" />
    <property name="path.separator" value=";" />
    <property name="java.vm.version" value="1.5.0_22-b03" />
    <property name="user.variant" value="" />
    <property name="ant.library.dir" value="D:\eclipse\plugins\org.apache.ant_1.7.1.v20090120-1145\lib" />
    <property name="manifest.classpath" value="./" />
    <property name="java.awt.printerjob" value="sun.awt.windows.WPrinterJob" />
    <property name="sun.io.unicode.encoding" value="UnicodeLittle" />
    <property name="awt.toolkit" value="sun.awt.windows.WToolkit" />
    <property name="eclipse.pdebuild.scripts" value="/D:/eclipse/plugins/org.eclipse.pde.build_3.5.2.R35x_20100114/scripts/" />
    <property name="user.home" value="C:\Users\bleujin" />
    <property name="java.specification.vendor" value="Sun Microsystems Inc." />
    <property name="binDir" value="./bin" />
    <property name="java.library.path" value="D:\eclipse;.;C:\Windows\Sun\Java\bin;C:\Windows\system32;C:\Windows;C:/Program Files (x86)/Java/jre6/bin/client;C:/Program Files (x86)/Java/jre6/bin;C:\Ruby\bin;C:\Program Files\Common Files\Microsoft Shared\Windows Live;C:\Program Files (x86)\Common Files\Microsoft Shared\Windows Live;C:\oracle\product\10.2.0\client_1\bin;C:\Windows\system32;C:\Windows;C:\Windows\System32\Wbem;C:\Windows\System32\WindowsPowerShell\v1.0\;C:\Program Files (x86)\Common Files\Roxio Shared\DLLShared\;C:\Program Files (x86)\Common Files\Roxio Shared\10.0\DLLShared\;C:\Program Files\MySQL\MySQL Server 5.5\bin;C:\Program Files (x86)\Windows Live\Shared;C:\Program Files\TortoiseSVN\bin;C:\Program Files (x86)\Git\cmd;C:\Program Files (x86)\QuickTime\QTSystem\;C:\java\jdk5_22\bin;C:\Ruby\bin;C:\Program Files\Common Files\Microsoft Shared\Windows Live;C:\Program Files (x86)\Common Files\Microsoft Shared\Windows Live;C:\oracle\product\10.2.0\client_1\bin;C:\Windows\system32;C:\Windows;C:\Windows\System32\Wbem;C:\Windows\System32\WindowsPowerShell\v1.0\;C:\Program Files (x86)\Common Files\Roxio Shared\DLLShared\;C:\Program Files (x86)\Common Files\Roxio Shared\10.0\DLLShared\;C:\Program Files\MySQL\MySQL Server 5.5\bin;C:\Program Files (x86)\Windows Live\Shared;C:\Program Files\TortoiseSVN\bin;C:\Program Files (x86)\Git\cmd;C:\Program Files (x86)\QuickTime\QTSystem\;C:\Users\bleujin\ec2home\bin;C:\Program Files (x86)\Mozilla Firefox;D:\eclipse\configuration\org.eclipse.osgi\bundles\535\1\.cp" />
    <property name="java.vendor.url" value="http://java.sun.com/" />
    <property name="java.vm.vendor" value="Sun Microsystems Inc." />
    <property name="java.runtime.name" value="Java(TM) 2 Runtime Environment, Standard Edition" />
    <property name="java.class.path" value="D:\eclipse\plugins\org.apache.ant_1.7.1.v20090120-1145\lib\ant.jar;D:\eclipse\plugins\org.apache.ant_1.7.1.v20090120-1145\lib\ant-antlr.jar;D:\eclipse\plugins\org.apache.ant_1.7.1.v20090120-1145\lib\ant-apache-bcel.jar;D:\eclipse\plugins\org.apache.ant_1.7.1.v20090120-1145\lib\ant-apache-bsf.jar;D:\eclipse\plugins\org.apache.ant_1.7.1.v20090120-1145\lib\ant-apache-log4j.jar;D:\eclipse\plugins\org.apache.ant_1.7.1.v20090120-1145\lib\ant-apache-oro.jar;D:\eclipse\plugins\org.apache.ant_1.7.1.v20090120-1145\lib\ant-apache-regexp.jar;D:\eclipse\plugins\org.apache.ant_1.7.1.v20090120-1145\lib\ant-apache-resolver.jar;D:\eclipse\plugins\org.apache.ant_1.7.1.v20090120-1145\lib\ant-commons-logging.jar;D:\eclipse\plugins\org.apache.ant_1.7.1.v20090120-1145\lib\ant-commons-net.jar;D:\eclipse\plugins\org.apache.ant_1.7.1.v20090120-1145\lib\ant-jai.jar;D:\eclipse\plugins\org.apache.ant_1.7.1.v20090120-1145\lib\ant-javamail.jar;D:\eclipse\plugins\org.apache.ant_1.7.1.v20090120-1145\lib\ant-jdepend.jar;D:\eclipse\plugins\org.apache.ant_1.7.1.v20090120-1145\lib\ant-jmf.jar;D:\eclipse\plugins\org.apache.ant_1.7.1.v20090120-1145\lib\ant-jsch.jar;D:\eclipse\plugins\org.apache.ant_1.7.1.v20090120-1145\lib\ant-junit.jar;D:\eclipse\plugins\org.apache.ant_1.7.1.v20090120-1145\lib\ant-launcher.jar;D:\eclipse\plugins\org.apache.ant_1.7.1.v20090120-1145\lib\ant-netrexx.jar;D:\eclipse\plugins\org.apache.ant_1.7.1.v20090120-1145\lib\ant-nodeps.jar;D:\eclipse\plugins\org.apache.ant_1.7.1.v20090120-1145\lib\ant-starteam.jar;D:\eclipse\plugins\org.apache.ant_1.7.1.v20090120-1145\lib\ant-stylebook.jar;D:\eclipse\plugins\org.apache.ant_1.7.1.v20090120-1145\lib\ant-swing.jar;D:\eclipse\plugins\org.apache.ant_1.7.1.v20090120-1145\lib\ant-trax.jar;D:\eclipse\plugins\org.apache.ant_1.7.1.v20090120-1145\lib\ant-weblogic.jar;D:\eclipse\configuration\org.eclipse.osgi\bundles\746\1\.cp\fatjar.jar;D:\eclipse\configuration\org.eclipse.osgi\bundles\48\1\.cp\lib\remoteAnt.jar;C:\java\jdk5_22\lib\tools.jar;D:\eclipse\plugins\org.eclipse.swt.win32.win32.x86_3.5.2.v3557f.jar" />
    <property name="ant.version" value="Apache Ant version 1.7.1 compiled on June 27 2008" />
    <property name="TSTAMP" value="1638" />
    <property name="java.vm.specification.name" value="Java Virtual Machine Specification" />
    <property name="java.vm.specification.version" value="1.0" />
    <property name="sun.cpu.endian" value="little" />
    <property name="sun.os.patch.level" value="" />
    <property name="eclipse.pdebuild.home" value="/D:/eclipse/plugins/org.eclipse.pde.build_3.5.2.R35x_20100114/./" />
    <property name="java.io.tmpdir" value="C:\Users\bleujin\AppData\Local\Temp\" />
    <property name="java.vendor.url.bug" value="http://java.sun.com/cgi-bin/bugreport.cgi" />
    <property name="os.arch" value="x86" />
    <property name="java.awt.graphicsenv" value="sun.awt.Win32GraphicsEnvironment" />
    <property name="java.ext.dirs" value="C:\java\jdk5_22\jre\lib\ext" />
    <property name="user.dir" value="D:\github\mongoSearch" />
    <property name="line.separator" value="
" />
    <property name="java.vm.name" value="Java HotSpot(TM) Client VM" />
    <property name="basedir" value="D:\github\mongoSearch" />
    <property name="baseDir" value="." />
    <property name="ant.java.version" value="1.5" />
    <property name="TODAY_MY" value="06/25/2012 04:38" />
    <property name="ant.core.lib" value="D:\eclipse\plugins\org.apache.ant_1.7.1.v20090120-1145\lib\ant.jar" />
    <property name="file.encoding" value="UTF-8" />
    <property name="java.specification.version" value="1.5" />
  </properties>
  <testcase classname="net.ion.radon.repository.TestAllMongoSearch" name="testInc" time="0.0010">
    <error message="Forked Java VM exited abnormally. Please note the time in the report does not reflect the time until the VM exit." type="junit.framework.AssertionFailedError">junit.framework.AssertionFailedError: Forked Java VM exited abnormally. Please note the time in the report does not reflect the time until the VM exit.
	at org.eclipse.ant.internal.ui.antsupport.EclipseDefaultExecutor.executeTargets(EclipseDefaultExecutor.java:32)
	at org.eclipse.ant.internal.ui.antsupport.InternalAntRunner.run(InternalAntRunner.java:423)
	at org.eclipse.ant.internal.ui.antsupport.InternalAntRunner.main(InternalAntRunner.java:137)
</error>
  </testcase>
</testsuite>
