<?xml version="1.0" encoding="UTF-8" ?>
<testsuite errors="0" failures="0" hostname="bleujin-SV" name="net.ion.radon.repository.TestAllMongoSearch" tests="57" time="3.902" timestamp="2012-06-15T08:29:38">
  <properties>
    <property name="java.vendor" value="Sun Microsystems Inc." />
    <property name="sun.java.launcher" value="SUN_STANDARD" />
    <property name="eclipse.pdebuild.templates" value="/D:/eclipse/plugins/org.eclipse.pde.build_3.5.2.R35x_20100114/templates/" />
    <property name="sun.management.compiler" value="HotSpot Client Compiler" />
    <property name="os.name" value="Windows 7" />
    <property name="sun.boot.class.path" value="C:\java\jdk5_22\jre\lib\rt.jar;C:\java\jdk5_22\jre\lib\i18n.jar;C:\java\jdk5_22\jre\lib\sunrsasign.jar;C:\java\jdk5_22\jre\lib\jsse.jar;C:\java\jdk5_22\jre\lib\jce.jar;C:\java\jdk5_22\jre\lib\charsets.jar;C:\java\jdk5_22\jre\classes" />
    <property name="TODAY" value="June 15 2012" />
    <property name="build.number" value="1" />
    <property name="sun.desktop" value="windows" />
    <property name="java.vm.specification.vendor" value="Sun Microsystems Inc." />
    <property name="ant.home" value="D:\eclipse\plugins\org.apache.ant_1.7.1.v20090120-1145" />
    <property name="java.runtime.version" value="1.5.0_22-b03" />
    <property name="version.number" value="0" />
    <property name="user.name" value="bleujin" />
    <property name="ant.file.Jar Publish" value="D:\workspace\MongoSearch\build.xml" />
    <property name="publishDir" value="./publish" />
    <property name="user.language" value="ko" />
    <property name="sun.boot.library.path" value="C:\java\jdk5_22\jre\bin" />
    <property name="manifest.main.class" value="" />
    <property name="ant.project.name" value="Jar Publish" />
    <property name="DSTAMP" value="20120615" />
    <property name="java.version" value="1.5.0_22" />
    <property name="user.timezone" value="" />
    <property name="sun.arch.data.model" value="32" />
    <property name="java.endorsed.dirs" value="C:\java\jdk5_22\jre\lib\endorsed" />
    <property name="sun.cpu.isalist" value="pentium_pro+mmx pentium_pro pentium+mmx pentium i486 i386 i86" />
    <property name="sun.jnu.encoding" value="MS949" />
    <property name="file.encoding.pkg" value="sun.io" />
    <property name="file.separator" value="\" />
    <property name="java.specification.name" value="Java Platform API Specification" />
    <property name="java.class.version" value="49.0" />
    <property name="user.country" value="KR" />
    <property name="java.home" value="C:\java\jdk5_22\jre" />
    <property name="java.vm.info" value="mixed mode, sharing" />
    <property name="ant.file" value="D:\workspace\MongoSearch\build.xml" />
    <property name="os.version" value="6.1" />
    <property name="test.reports" value="./resource/report" />
    <property name="path.separator" value=";" />
    <property name="java.vm.version" value="1.5.0_22-b03" />
    <property name="user.variant" value="" />
    <property name="ant.library.dir" value="D:\eclipse\plugins\org.apache.ant_1.7.1.v20090120-1145\lib" />
    <property name="manifest.classpath" value="./" />
    <property name="java.awt.printerjob" value="sun.awt.windows.WPrinterJob" />
    <property name="sun.io.unicode.encoding" value="UnicodeLittle" />
    <property name="awt.toolkit" value="sun.awt.windows.WToolkit" />
    <property name="eclipse.pdebuild.scripts" value="/D:/eclipse/plugins/org.eclipse.pde.build_3.5.2.R35x_20100114/scripts/" />
    <property name="user.home" value="C:\Users\bleujin" />
    <property name="java.specification.vendor" value="Sun Microsystems Inc." />
    <property name="binDir" value="./bin" />
    <property name="java.library.path" value="C:\java\jdk5_22\jre\bin;.;C:\Windows\system32;C:\Windows;C:/Program Files (x86)/Java/jre6/bin/client;C:/Program Files (x86)/Java/jre6/bin;C:\Ruby\bin;C:\Program Files\Common Files\Microsoft Shared\Windows Live;C:\Program Files (x86)\Common Files\Microsoft Shared\Windows Live;C:\oracle\product\10.2.0\client_1\bin;C:\Windows\system32;C:\Windows;C:\Windows\System32\Wbem;C:\Windows\System32\WindowsPowerShell\v1.0\;C:\Program Files (x86)\Common Files\Roxio Shared\DLLShared\;C:\Program Files (x86)\Common Files\Roxio Shared\10.0\DLLShared\;C:\Program Files\MySQL\MySQL Server 5.5\bin;C:\Program Files (x86)\Windows Live\Shared;C:\Program Files\TortoiseSVN\bin;C:\Program Files (x86)\Git\cmd;C:\Program Files (x86)\QuickTime\QTSystem\;C:\java\jdk5_22\bin;C:\Ruby\bin;C:\Program Files\Common Files\Microsoft Shared\Windows Live;C:\Program Files (x86)\Common Files\Microsoft Shared\Windows Live;C:\oracle\product\10.2.0\client_1\bin;C:\Windows\system32;C:\Windows;C:\Windows\System32\Wbem;C:\Windows\System32\WindowsPowerShell\v1.0\;C:\Program Files (x86)\Common Files\Roxio Shared\DLLShared\;C:\Program Files (x86)\Common Files\Roxio Shared\10.0\DLLShared\;C:\Program Files\MySQL\MySQL Server 5.5\bin;C:\Program Files (x86)\Windows Live\Shared;C:\Program Files\TortoiseSVN\bin;C:\Program Files (x86)\Git\cmd;C:\Program Files (x86)\QuickTime\QTSystem\;C:\Users\bleujin\ec2home\bin" />
    <property name="java.vendor.url" value="http://java.sun.com/" />
    <property name="java.vm.vendor" value="Sun Microsystems Inc." />
    <property name="java.runtime.name" value="Java(TM) 2 Runtime Environment, Standard Edition" />
    <property name="java.class.path" value="D:\workspace\MongoSearch\bin;D:\workspace\MongoSearch\lib\apache_extend_fat.jar;D:\workspace\MongoSearch\lib\aradon_0.7.jar;D:\workspace\MongoSearch\lib\guava-11.0.1.jar;D:\workspace\MongoSearch\lib\iframework_2.3.jar;D:\workspace\MongoSearch\lib\isearcher_2.2.jar;D:\workspace\MongoSearch\lib\junit.jar;D:\workspace\MongoSearch\lib\mongo-java-driver-2.7.3.jar;D:\workspace\MongoSearch\lib\mongonode_0.3.jar;D:\workspace\MongoSearch\lib\protobuf-java-2.4.1.jar;D:\workspace\MongoSearch\lib\rest_fat.jar;D:\workspace\MongoSearch\lib\search36_fat.jar;D:\workspace\MongoSearch;C:\Program Files (x86)\Java\jre6\lib\ext\QTJava.zip;D:\eclipse\plugins\org.apache.ant_1.7.1.v20090120-1145\lib\ant-launcher.jar;D:\eclipse\plugins\org.apache.ant_1.7.1.v20090120-1145\lib\ant.jar;D:\eclipse\plugins\org.apache.ant_1.7.1.v20090120-1145\lib\ant-junit.jar" />
    <property name="ant.version" value="Apache Ant version 1.7.1 compiled on June 27 2008" />
    <property name="TSTAMP" value="1729" />
    <property name="java.vm.specification.name" value="Java Virtual Machine Specification" />
    <property name="java.vm.specification.version" value="1.0" />
    <property name="sun.cpu.endian" value="little" />
    <property name="sun.os.patch.level" value="" />
    <property name="eclipse.pdebuild.home" value="/D:/eclipse/plugins/org.eclipse.pde.build_3.5.2.R35x_20100114/./" />
    <property name="java.io.tmpdir" value="C:\Users\bleujin\AppData\Local\Temp\" />
    <property name="java.vendor.url.bug" value="http://java.sun.com/cgi-bin/bugreport.cgi" />
    <property name="os.arch" value="x86" />
    <property name="java.awt.graphicsenv" value="sun.awt.Win32GraphicsEnvironment" />
    <property name="java.ext.dirs" value="C:\java\jdk5_22\jre\lib\ext" />
    <property name="user.dir" value="D:\workspace\MongoSearch" />
    <property name="line.separator" value="
" />
    <property name="java.vm.name" value="Java HotSpot(TM) Client VM" />
    <property name="basedir" value="D:\workspace\MongoSearch" />
    <property name="baseDir" value="." />
    <property name="ant.java.version" value="1.5" />
    <property name="TODAY_MY" value="06/15/2012 05:29" />
    <property name="ant.core.lib" value="D:\eclipse\plugins\org.apache.ant_1.7.1.v20090120-1145\lib\ant.jar" />
    <property name="file.encoding" value="MS949" />
    <property name="java.specification.version" value="1.5" />
  </properties>
  <testcase classname="net.ion.radon.repository.remote.TestFindQuery" name="testLogin" time="0.43" />
  <testcase classname="net.ion.radon.repository.remote.TestFindQuery" name="testNewNode" time="0.033" />
  <testcase classname="net.ion.radon.repository.remote.TestFindQuery" name="testFind" time="0.078" />
  <testcase classname="net.ion.radon.repository.remote.TestFindQuery" name="testFindLimit" time="0.047" />
  <testcase classname="net.ion.radon.repository.remote.TestFindQuery" name="testSort" time="0.047" />
  <testcase classname="net.ion.radon.repository.remote.TestFindQuery" name="testExplain" time="0.07" />
  <testcase classname="net.ion.radon.repository.remote.TestFindQuery" name="testPage" time="0.042" />
  <testcase classname="net.ion.radon.repository.remote.TestFindQuery" name="testNodeObjectSerial" time="0.011" />
  <testcase classname="net.ion.radon.repository.remote.TestFindQuery" name="testMergeBodySerial" time="0.01" />
  <testcase classname="net.ion.radon.repository.remote.TestRemoteFirst" name="testFirst" time="1.325" />
  <testcase classname="net.ion.radon.repository.remote.TestRemoteUpdate" name="testDelete" time="0.03" />
  <testcase classname="net.ion.radon.repository.remote.TestRemoteUpdate" name="testDropWorkspace" time="0.028" />
  <testcase classname="net.ion.radon.repository.remote.TestRemoteUpdate" name="testUpdate" time="0.012" />
  <testcase classname="net.ion.radon.repository.remote.TestRemoteUpdate" name="testOverwriteOne" time="0.014" />
  <testcase classname="net.ion.radon.repository.remote.TestRemoteUpdate" name="testUpdateOne" time="0.012" />
  <testcase classname="net.ion.radon.repository.remote.TestRemoteUpdate" name="testInc" time="0.018" />
  <testcase classname="net.ion.radon.repository.remote.TestRemoteUpdateChain" name="testDropSpace" time="0.031" />
  <testcase classname="net.ion.radon.repository.remote.TestRemoteUpdateChain" name="testChainUpdate" time="0.017" />
  <testcase classname="net.ion.radon.repository.remote.TestRemoteUpdateChain" name="testChainUpdateMulti" time="0.016" />
  <testcase classname="net.ion.radon.repository.remote.TestRemoteUpdateChain" name="testChainMerge" time="0.048" />
  <testcase classname="net.ion.radon.repository.remote.TestRemoteWorkspace" name="testChangeWorkspace" time="0.093" />
  <testcase classname="net.ion.radon.repository.remote.TestRemoteWorkspace" name="testOtherWorkspaceSearch" time="0.063" />
  <testcase classname="net.ion.radon.repository.remote.TestRemoteWorkspace" name="testAradonId" time="0.042" />
  <testcase classname="net.ion.radon.repository.remote.TestRemoteWorkspace" name="testMakeIndex" time="0.062" />
  <testcase classname="net.ion.radon.repository.remote.TestMapReduce" name="testDefault" time="0.054" />
  <testcase classname="net.ion.radon.repository.remote.TestMapReduce" name="testLimit" time="0.032" />
  <testcase classname="net.ion.radon.repository.remote.TestMapReduce" name="testOnlyMapFunction" time="0.027" />
  <testcase classname="net.ion.radon.repository.remote.TestMapReduce" name="testScope" time="0.086" />
  <testcase classname="net.ion.radon.repository.remote.TestMapReduce" name="testDebugHandler" time="0.018" />
  <testcase classname="net.ion.radon.repository.remote.TestMapReduce" name="testInListSort" time="0.02" />
  <testcase classname="net.ion.radon.repository.remote.TestMapReduce" name="testGroupCount" time="0.018" />
  <testcase classname="net.ion.radon.repository.search.TestDocument" name="testCreateDocument" time="0.304" />
  <testcase classname="net.ion.radon.repository.search.TestDocument" name="testInner" time="0.016" />
  <testcase classname="net.ion.radon.repository.search.TestDocument" name="testNodeInfo" time="0.01" />
  <testcase classname="net.ion.radon.repository.search.TestSearchFind" name="testSort" time="0.045" />
  <testcase classname="net.ion.radon.repository.search.TestSearchFind" name="testTerm" time="0.026" />
  <testcase classname="net.ion.radon.repository.search.TestSearchFind" name="testLessThen" time="0.033" />
  <testcase classname="net.ion.radon.repository.search.TestSearchFind" name="testGreaterThen" time="0.024" />
  <testcase classname="net.ion.radon.repository.search.TestSearchFind" name="testBetween" time="0.022" />
  <testcase classname="net.ion.radon.repository.search.TestSearchFind" name="testBetweenTerm" time="0.022" />
  <testcase classname="net.ion.radon.repository.search.TestSearchUpdate" name="testDropWorkspace" time="0.032" />
  <testcase classname="net.ion.radon.repository.search.TestSearchUpdate" name="testOverwriteOne" time="0.016" />
  <testcase classname="net.ion.radon.repository.search.TestSearchUpdate" name="testInc" time="0.013" />
  <testcase classname="net.ion.radon.repository.search.TestSearchUpdate" name="testTempNode" time="0.021" />
  <testcase classname="net.ion.radon.repository.search.TestSearchUpdate" name="testRemoveNode" time="0.0090" />
  <testcase classname="net.ion.radon.repository.search.TestSearchUpdate" name="testUpdateOn" time="0.019" />
  <testcase classname="net.ion.radon.repository.search.TestSearchUpdateChain" name="testDropSpace" time="0.015" />
  <testcase classname="net.ion.radon.repository.search.TestSearchUpdateChain" name="testChainUpdate" time="0.023" />
  <testcase classname="net.ion.radon.repository.search.TestSearchUpdateChain" name="testChainUpdateMulti" time="0.022" />
  <testcase classname="net.ion.radon.repository.search.TestSearchUpdateChain" name="testChainMerge" time="0.031" />
  <testcase classname="net.ion.radon.repository.search.TestSearchSession" name="testSync" time="0.089" />
  <testcase classname="net.ion.radon.repository.search.TestSearchSession" name="testSyncLimit" time="0.028" />
  <testcase classname="net.ion.radon.repository.search.TestSearchSession" name="testIndexInfo" time="0.021" />
  <testcase classname="net.ion.radon.repository.search.TestSearchWorkspace" name="testChangeWorkspace" time="0.041" />
  <testcase classname="net.ion.radon.repository.search.TestSearchWorkspace" name="testOtherWorkspaceSearch" time="0.041" />
  <testcase classname="net.ion.radon.repository.search.TestSearchWorkspace" name="testAradonId" time="0.016" />
  <testcase classname="net.ion.radon.repository.search.TestSearchWorkspace" name="testMakeIndex" time="0.019" />
  <system-out><![CDATA[[SECTION : plugin.remote.repository loaded] by net.ion.radon.core.Aradon:attach[20120615-172939]
[ROOT loaded] by net.ion.radon.core.AradonConfig:initConfig[20120615-172939]
[[{friend=[ { "age" : 25 , "name" : "iihi"} , { "age" : 25 , "name" : "minato"} , { "age" : 30 , "name" : "pm1200"}], address=seoul, name=hero}, class net.ion.radon.repository.NodeImpl]] by net.ion.framework.util.CollectionUtil:each[20120615-172939]
[[{friend=[ { "age" : 20 , "name" : "novision"} , { "age" : 30 , "name" : "pm1200"} , { "age" : 25 , "name" : "iihi"}], address=seoul, name=bleujin}, class net.ion.radon.repository.NodeImpl]] by net.ion.framework.util.CollectionUtil:each[20120615-172939]
[Bye....... Aradon] by net.ion.radon.core.Aradon:slayReleasable[20120615-172939]
[End World.........] by net.ion.radon.core.Aradon:slayReleasable[20120615-172939]
[SECTION : plugin.remote.repository loaded] by net.ion.radon.core.Aradon:attach[20120615-172939]
[ROOT loaded] by net.ion.radon.core.AradonConfig:initConfig[20120615-172939]
[Bye....... Aradon] by net.ion.radon.core.Aradon:slayReleasable[20120615-172939]
[End World.........] by net.ion.radon.core.Aradon:slayReleasable[20120615-172939]
[SECTION : plugin.remote.repository loaded] by net.ion.radon.core.Aradon:attach[20120615-172939]
[ROOT loaded] by net.ion.radon.core.AradonConfig:initConfig[20120615-172939]
[Bye....... Aradon] by net.ion.radon.core.Aradon:slayReleasable[20120615-172939]
[End World.........] by net.ion.radon.core.Aradon:slayReleasable[20120615-172939]
[SECTION : plugin.remote.repository loaded] by net.ion.radon.core.Aradon:attach[20120615-172939]
[ROOT loaded] by net.ion.radon.core.AradonConfig:initConfig[20120615-172939]
[Bye....... Aradon] by net.ion.radon.core.Aradon:slayReleasable[20120615-172939]
[End World.........] by net.ion.radon.core.Aradon:slayReleasable[20120615-172939]
[SECTION : plugin.remote.repository loaded] by net.ion.radon.core.Aradon:attach[20120615-172939]
[ROOT loaded] by net.ion.radon.core.AradonConfig:initConfig[20120615-172939]
[Bye....... Aradon] by net.ion.radon.core.Aradon:slayReleasable[20120615-172939]
[End World.........] by net.ion.radon.core.Aradon:slayReleasable[20120615-172939]
[SECTION : plugin.remote.repository loaded] by net.ion.radon.core.Aradon:attach[20120615-172939]
[ROOT loaded] by net.ion.radon.core.AradonConfig:initConfig[20120615-172939]
[Bye....... Aradon] by net.ion.radon.core.Aradon:slayReleasable[20120615-172939]
[End World.........] by net.ion.radon.core.Aradon:slayReleasable[20120615-172939]
[SECTION : plugin.remote.repository loaded] by net.ion.radon.core.Aradon:attach[20120615-172939]
[ROOT loaded] by net.ion.radon.core.AradonConfig:initConfig[20120615-172939]
[Bye....... Aradon] by net.ion.radon.core.Aradon:slayReleasable[20120615-172939]
[End World.........] by net.ion.radon.core.Aradon:slayReleasable[20120615-172939]
[SECTION : plugin.remote.repository loaded] by net.ion.radon.core.Aradon:attach[20120615-172939]
[====================, [{ "name" : "bleujin" , "loc" : { "city" : "seoul"}}, {name=bleujin, loc={ "city" : "seoul"}}]] by net.ion.radon.repository.remote.TestFindQuery:testNodeObjectSerial[20120615-172939]
[SECTION : plugin.remote.repository loaded] by net.ion.radon.core.Aradon:attach[20120615-172939]
[SECTION : plugin.remote.repository loaded] by net.ion.radon.core.Aradon:attach[20120615-172939]
[ROOT loaded] by net.ion.radon.core.AradonConfig:initConfig[20120615-172939]
[Bye....... Aradon] by net.ion.radon.core.Aradon:slayReleasable[20120615-172940]
[End World.........] by net.ion.radon.core.Aradon:slayReleasable[20120615-172940]
[SECTION : plugin.remote.repository loaded] by net.ion.radon.core.Aradon:attach[20120615-172940]
[ROOT loaded] by net.ion.radon.core.AradonConfig:initConfig[20120615-172940]
[[{name=hero}, class net.ion.radon.repository.NodeImpl]] by net.ion.framework.util.CollectionUtil:each[20120615-172940]
[Bye....... Aradon] by net.ion.radon.core.Aradon:slayReleasable[20120615-172940]
[End World.........] by net.ion.radon.core.Aradon:slayReleasable[20120615-172940]
[SECTION : plugin.remote.repository loaded] by net.ion.radon.core.Aradon:attach[20120615-172940]
[ROOT loaded] by net.ion.radon.core.AradonConfig:initConfig[20120615-172940]
[Bye....... Aradon] by net.ion.radon.core.Aradon:slayReleasable[20120615-172941]
[End World.........] by net.ion.radon.core.Aradon:slayReleasable[20120615-172941]
[SECTION : plugin.remote.repository loaded] by net.ion.radon.core.Aradon:attach[20120615-172941]
[ROOT loaded] by net.ion.radon.core.AradonConfig:initConfig[20120615-172941]
[[{name=hero}, class net.ion.radon.repository.NodeImpl]] by net.ion.framework.util.CollectionUtil:each[20120615-172941]
[[{age=20, name=bleujin, city=seoul}, class net.ion.radon.repository.NodeImpl]] by net.ion.framework.util.CollectionUtil:each[20120615-172941]
[Bye....... Aradon] by net.ion.radon.core.Aradon:slayReleasable[20120615-172941]
[End World.........] by net.ion.radon.core.Aradon:slayReleasable[20120615-172941]
[SECTION : plugin.remote.repository loaded] by net.ion.radon.core.Aradon:attach[20120615-172941]
[ROOT loaded] by net.ion.radon.core.AradonConfig:initConfig[20120615-172941]
[Bye....... Aradon] by net.ion.radon.core.Aradon:slayReleasable[20120615-172941]
[End World.........] by net.ion.radon.core.Aradon:slayReleasable[20120615-172941]
[SECTION : plugin.remote.repository loaded] by net.ion.radon.core.Aradon:attach[20120615-172941]
[ROOT loaded] by net.ion.radon.core.AradonConfig:initConfig[20120615-172941]
[Bye....... Aradon] by net.ion.radon.core.Aradon:slayReleasable[20120615-172941]
[End World.........] by net.ion.radon.core.Aradon:slayReleasable[20120615-172941]
[SECTION : plugin.remote.repository loaded] by net.ion.radon.core.Aradon:attach[20120615-172941]
[ROOT loaded] by net.ion.radon.core.AradonConfig:initConfig[20120615-172941]
[Bye....... Aradon] by net.ion.radon.core.Aradon:slayReleasable[20120615-172941]
[End World.........] by net.ion.radon.core.Aradon:slayReleasable[20120615-172941]
[SECTION : plugin.remote.repository loaded] by net.ion.radon.core.Aradon:attach[20120615-172941]
[ROOT loaded] by net.ion.radon.core.AradonConfig:initConfig[20120615-172941]
[Bye....... Aradon] by net.ion.radon.core.Aradon:slayReleasable[20120615-172941]
[End World.........] by net.ion.radon.core.Aradon:slayReleasable[20120615-172941]
[SECTION : plugin.remote.repository loaded] by net.ion.radon.core.Aradon:attach[20120615-172941]
[ROOT loaded] by net.ion.radon.core.AradonConfig:initConfig[20120615-172941]
[Bye....... Aradon] by net.ion.radon.core.Aradon:slayReleasable[20120615-172941]
[End World.........] by net.ion.radon.core.Aradon:slayReleasable[20120615-172941]
[SECTION : plugin.remote.repository loaded] by net.ion.radon.core.Aradon:attach[20120615-172941]
[ROOT loaded] by net.ion.radon.core.AradonConfig:initConfig[20120615-172941]
[Bye....... Aradon] by net.ion.radon.core.Aradon:slayReleasable[20120615-172941]
[End World.........] by net.ion.radon.core.Aradon:slayReleasable[20120615-172941]
[SECTION : plugin.remote.repository loaded] by net.ion.radon.core.Aradon:attach[20120615-172941]
[ROOT loaded] by net.ion.radon.core.AradonConfig:initConfig[20120615-172941]
[Bye....... Aradon] by net.ion.radon.core.Aradon:slayReleasable[20120615-172941]
[End World.........] by net.ion.radon.core.Aradon:slayReleasable[20120615-172941]
[SECTION : plugin.remote.repository loaded] by net.ion.radon.core.Aradon:attach[20120615-172941]
[ROOT loaded] by net.ion.radon.core.AradonConfig:initConfig[20120615-172941]
[Bye....... Aradon] by net.ion.radon.core.Aradon:slayReleasable[20120615-172941]
[End World.........] by net.ion.radon.core.Aradon:slayReleasable[20120615-172941]
[SECTION : plugin.remote.repository loaded] by net.ion.radon.core.Aradon:attach[20120615-172941]
[ROOT loaded] by net.ion.radon.core.AradonConfig:initConfig[20120615-172941]
[Bye....... Aradon] by net.ion.radon.core.Aradon:slayReleasable[20120615-172941]
[End World.........] by net.ion.radon.core.Aradon:slayReleasable[20120615-172941]
[SECTION : plugin.remote.repository loaded] by net.ion.radon.core.Aradon:attach[20120615-172941]
[ROOT loaded] by net.ion.radon.core.AradonConfig:initConfig[20120615-172941]
[Bye....... Aradon] by net.ion.radon.core.Aradon:slayReleasable[20120615-172941]
[End World.........] by net.ion.radon.core.Aradon:slayReleasable[20120615-172941]
[SECTION : plugin.remote.repository loaded] by net.ion.radon.core.Aradon:attach[20120615-172941]
[ROOT loaded] by net.ion.radon.core.AradonConfig:initConfig[20120615-172941]
[Bye....... Aradon] by net.ion.radon.core.Aradon:slayReleasable[20120615-172941]
[End World.........] by net.ion.radon.core.Aradon:slayReleasable[20120615-172941]
[SECTION : plugin.remote.repository loaded] by net.ion.radon.core.Aradon:attach[20120615-172941]
[ROOT loaded] by net.ion.radon.core.AradonConfig:initConfig[20120615-172941]
[[{friend=[ { "age" : 20 , "name" : "novision"} , { "age" : 25 , "name" : "iihi"}], address=seoul, name=bleujin}, class net.ion.radon.repository.NodeImpl]] by net.ion.framework.util.CollectionUtil:each[20120615-172941]
[[{friend=[ { "age" : 20 , "name" : "baegi"} , { "age" : 25 , "name" : "minato"}], address=seoul, name=hero}, class net.ion.radon.repository.NodeImpl]] by net.ion.framework.util.CollectionUtil:each[20120615-172941]
[Bye....... Aradon] by net.ion.radon.core.Aradon:slayReleasable[20120615-172941]
[End World.........] by net.ion.radon.core.Aradon:slayReleasable[20120615-172941]
[SECTION : plugin.remote.repository loaded] by net.ion.radon.core.Aradon:attach[20120615-172941]
[ROOT loaded] by net.ion.radon.core.AradonConfig:initConfig[20120615-172941]
[[{friend=[ { "age" : 20 , "name" : "novision"} , { "age" : 25 , "name" : "iihi"}], address=seoul, name=bleujin}, class net.ion.radon.repository.NodeImpl]] by net.ion.framework.util.CollectionUtil:each[20120615-172941]
[Bye....... Aradon] by net.ion.radon.core.Aradon:slayReleasable[20120615-172941]
[End World.........] by net.ion.radon.core.Aradon:slayReleasable[20120615-172941]
[SECTION : plugin.remote.repository loaded] by net.ion.radon.core.Aradon:attach[20120615-172941]
[ROOT loaded] by net.ion.radon.core.AradonConfig:initConfig[20120615-172941]
[====================, [3.0, 3, class java.lang.Double]] by net.ion.radon.repository.remote.TestMapReduce:testOnlyMapFunction[20120615-172941]
[====================, [3.0, 3, class java.lang.Double]] by net.ion.radon.repository.remote.TestMapReduce:testOnlyMapFunction[20120615-172941]
[Bye....... Aradon] by net.ion.radon.core.Aradon:slayReleasable[20120615-172941]
[End World.........] by net.ion.radon.core.Aradon:slayReleasable[20120615-172941]
[SECTION : plugin.remote.repository loaded] by net.ion.radon.core.Aradon:attach[20120615-172941]
[ROOT loaded] by net.ion.radon.core.AradonConfig:initConfig[20120615-172941]
3
[[{key=busan, visitcount=1.0, viewcount=5.0, self={__aradon={ "group" : [ "__empty"] , "ghash" : 203883499254 , "uid" : "4fdaf2753e8e232847705bde"}, __created=1339748981626, __lastmodified=1339748981660, __name=4fdaf2753e8e232847705bde, __owner=_unknown, __path=/4fdaf2753e8e232847705bde, __timezone=sun.util.calendar.ZoneInfo[id="Asia/Seoul",offset=32400000,dstSavings=0,useDaylight=false,transitions=14,lastRule=null], _id=4fdaf2753e8e232847705bde, address=busan, name=11}, counter={map={ "busan/11" : 5.0}}}, class net.ion.radon.repository.NodeImpl]] by net.ion.framework.util.CollectionUtil:each[20120615-172941]
[[{key=inchon, visitcount=2.0, viewcount=4.0, self={__aradon={ "group" : [ "__empty"] , "ghash" : 203883499254 , "uid" : "4fdaf2753e8e232847705be1"}, __created=1339748981627, __lastmodified=1339748981657, __name=4fdaf2753e8e232847705be1, __owner=_unknown, __path=/4fdaf2753e8e232847705be1, __timezone=sun.util.calendar.ZoneInfo[id="Asia/Seoul",offset=32400000,dstSavings=0,useDaylight=false,transitions=14,lastRule=null], _id=4fdaf2753e8e232847705be1, address=inchon, name=111}, counter={map={ "inchon/111" : 2.0 , "inchon/112" : 2.0}}}, class net.ion.radon.repository.NodeImpl]] by net.ion.framework.util.CollectionUtil:each[20120615-172941]
[[{key=seoul, visitcount=4.0, viewcount=5.0, self={__aradon={ "group" : [ "__empty"] , "ghash" : 203883499254 , "uid" : "4fdaf2753e8e232847705bd8"}, __created=1339748981626, __lastmodified=1339748981651, __name=4fdaf2753e8e232847705bd8, __owner=_unknown, __path=/4fdaf2753e8e232847705bd8, __timezone=sun.util.calendar.ZoneInfo[id="Asia/Seoul",offset=32400000,dstSavings=0,useDaylight=false,transitions=14,lastRule=null], _id=4fdaf2753e8e232847705bd8, address=seoul, name=1}, counter={map={ "seoul/bleujin" : 1.0 , "seoul/hero" : 1.0 , "seoul/1" : 2.0 , "seoul/2" : 1.0}}}, class net.ion.radon.repository.NodeImpl]] by net.ion.framework.util.CollectionUtil:each[20120615-172941]
[Bye....... Aradon] by net.ion.radon.core.Aradon:slayReleasable[20120615-172941]
[End World.........] by net.ion.radon.core.Aradon:slayReleasable[20120615-172941]
[SECTION : plugin.remote.repository loaded] by net.ion.radon.core.Aradon:attach[20120615-172941]
[ROOT loaded] by net.ion.radon.core.AradonConfig:initConfig[20120615-172941]
[[{key=iihi, pname=[ "bleujin" , "hero"], self={age=25, name=iihi}}]] by net.ion.radon.repository.remote.TestMapReduce$1:handle[20120615-172941]
[[{key=minato, pname=hero, self={age=25, name=minato}}]] by net.ion.radon.repository.remote.TestMapReduce$1:handle[20120615-172941]
[[{key=novision, pname=bleujin, self={age=20, name=novision}}]] by net.ion.radon.repository.remote.TestMapReduce$1:handle[20120615-172941]
[[{key=pm1200, pname=[ "bleujin" , "hero"], self={age=30, name=pm1200}}]] by net.ion.radon.repository.remote.TestMapReduce$1:handle[20120615-172941]
[Bye....... Aradon] by net.ion.radon.core.Aradon:slayReleasable[20120615-172941]
[End World.........] by net.ion.radon.core.Aradon:slayReleasable[20120615-172941]
[SECTION : plugin.remote.repository loaded] by net.ion.radon.core.Aradon:attach[20120615-172941]
[ROOT loaded] by net.ion.radon.core.AradonConfig:initConfig[20120615-172941]
[[{limit=2.0, skip=0.0, sortkey=name, friends=[ { "age" : 25 , "name" : "iihi"} , { "age" : 20 , "name" : "novision"}]}, class net.ion.radon.repository.NodeImpl]] by net.ion.framework.util.CollectionUtil:each[20120615-172941]
[[{limit=2.0, skip=0.0, sortkey=name, friends=[ { "age" : 25 , "name" : "iihi"} , { "age" : 25 , "name" : "minato"}]}, class net.ion.radon.repository.NodeImpl]] by net.ion.framework.util.CollectionUtil:each[20120615-172941]
[Bye....... Aradon] by net.ion.radon.core.Aradon:slayReleasable[20120615-172941]
[End World.........] by net.ion.radon.core.Aradon:slayReleasable[20120615-172941]
[SECTION : plugin.remote.repository loaded] by net.ion.radon.core.Aradon:attach[20120615-172941]
[ROOT loaded] by net.ion.radon.core.AradonConfig:initConfig[20120615-172941]
[[{address=seoul, count=2.0}, class net.ion.radon.repository.NodeImpl]] by net.ion.framework.util.CollectionUtil:each[20120615-172941]
[Bye....... Aradon] by net.ion.radon.core.Aradon:slayReleasable[20120615-172941]
[End World.........] by net.ion.radon.core.Aradon:slayReleasable[20120615-172941]
[====================, [bleujin, hero]] by net.ion.radon.repository.search.TestSearchUpdate:testUpdateOn[20120615-172942]
[[{allnumdoc=0, indexpath=org.apache.lucene.store.RAMDirectory@1c8c58 lockFactory=org.apache.lucene.store.SingleInstanceLockFactory@422510, numdoc=0, lastmodified=2012-06-15 17:29:42}]] by net.ion.radon.repository.search.TestSearchSession:testIndexInfo[20120615-172942]
]]></system-out>
  <system-err><![CDATA[2012. 6. 15 오후 5:29:39 org.restlet.Restlet fireContextChanged
심각: For security reasons, don't pass the component context to child Restlets anymore. Use the Context#createChildContext() method instead. class org.restlet.Application
2012. 6. 15 오후 5:29:39 net.ion.radon.core.Aradon stop
경고: aradon server stoped
2012. 6. 15 오후 5:29:39 net.ion.radon.core.Aradon stop
경고: aradon server stoped
2012. 6. 15 오후 5:29:39 net.ion.radon.core.Aradon stop
경고: aradon server stoped
2012. 6. 15 오후 5:29:39 net.ion.radon.core.Aradon stop
경고: aradon server stoped
2012. 6. 15 오후 5:29:39 net.ion.radon.core.Aradon stop
경고: aradon server stoped
2012. 6. 15 오후 5:29:39 net.ion.radon.core.Aradon stop
경고: aradon server stoped
2012. 6. 15 오후 5:29:39 net.ion.radon.core.Aradon stop
경고: aradon server stoped
2012. 6. 15 오후 5:29:40 org.restlet.engine.connector.ServerConnectionHelper start
정보: Starting the internal [HTTP/1.1] server on port 9000
2012. 6. 15 오후 5:29:40 net.ion.radon.core.Aradon startServer
경고: aradon started : 9000
2012. 6. 15 오후 5:29:40 net.ion.radon.core.AradonConfig launchShell
경고: aradon manage shell not loaded
2012. 6. 15 오후 5:29:40 org.restlet.ext.net.HttpClientHelper start
정보: Starting the HTTP client
2012. 6. 15 오후 5:29:40 org.restlet.engine.log.LogFilter afterHandle
정보: 2012-06-15	17:29:40	127.0.0.1	anony	-	9000	DELETE	/plugin.remote.repository/delete/rwname	-	200	-	0	11	http://localhost:9000	Restlet-Framework/2.1snapshot	-
2012. 6. 15 오후 5:29:40 org.restlet.engine.log.LogFilter afterHandle
정보: 2012-06-15	17:29:40	127.0.0.1	anony	-	9000	POST	/plugin.remote.repository/merge/rwname	-	200	-	-	62	http://localhost:9000	Restlet-Framework/2.1snapshot	-
2012. 6. 15 오후 5:29:40 org.restlet.engine.log.LogFilter afterHandle
정보: 2012-06-15	17:29:40	127.0.0.1	anony	-	9000	POST	/plugin.remote.repository/query/rwname	-	200	-	-	21	http://localhost:9000	Restlet-Framework/2.1snapshot	-
2012. 6. 15 오후 5:29:40 org.restlet.engine.connector.ServerConnectionHelper stop
정보: Stopping the internal [HTTP/1.1] server
2012. 6. 15 오후 5:29:40 net.ion.radon.core.Aradon stop
경고: aradon server stoped
2012. 6. 15 오후 5:29:40 net.ion.radon.core.Aradon stop
경고: aradon server stoped
2012. 6. 15 오후 5:29:41 net.ion.radon.core.Aradon stop
경고: aradon server stoped
2012. 6. 15 오후 5:29:41 net.ion.radon.core.Aradon stop
경고: aradon server stoped
2012. 6. 15 오후 5:29:41 net.ion.radon.core.Aradon stop
경고: aradon server stoped
2012. 6. 15 오후 5:29:41 net.ion.radon.core.Aradon stop
경고: aradon server stoped
2012. 6. 15 오후 5:29:41 net.ion.radon.core.Aradon stop
경고: aradon server stoped
2012. 6. 15 오후 5:29:41 net.ion.radon.core.Aradon stop
경고: aradon server stoped
2012. 6. 15 오후 5:29:41 net.ion.radon.core.Aradon stop
경고: aradon server stoped
2012. 6. 15 오후 5:29:41 net.ion.radon.core.Aradon stop
경고: aradon server stoped
2012. 6. 15 오후 5:29:41 net.ion.radon.core.Aradon stop
경고: aradon server stoped
2012. 6. 15 오후 5:29:41 net.ion.radon.core.Aradon stop
경고: aradon server stoped
2012. 6. 15 오후 5:29:41 net.ion.radon.core.Aradon stop
경고: aradon server stoped
2012. 6. 15 오후 5:29:41 net.ion.radon.core.Aradon stop
경고: aradon server stoped
2012. 6. 15 오후 5:29:41 net.ion.radon.core.Aradon stop
경고: aradon server stoped
2012. 6. 15 오후 5:29:41 net.ion.radon.core.Aradon stop
경고: aradon server stoped
2012. 6. 15 오후 5:29:41 net.ion.radon.core.Aradon stop
경고: aradon server stoped
2012. 6. 15 오후 5:29:41 net.ion.radon.core.Aradon stop
경고: aradon server stoped
2012. 6. 15 오후 5:29:41 net.ion.radon.core.Aradon stop
경고: aradon server stoped
2012. 6. 15 오후 5:29:41 net.ion.radon.core.Aradon stop
경고: aradon server stoped
2012. 6. 15 오후 5:29:41 net.ion.radon.core.Aradon stop
경고: aradon server stoped
2012. 6. 15 오후 5:29:41 net.ion.radon.core.Aradon stop
경고: aradon server stoped
]]></system-err>
</testsuite>
